
=== Wed Mar 25 11:59:46 2020

Packages were changed.
Update Mode: updateDependencies

The following packages were added:
  com.unity.collab-proxy@1.2.15
The following packages were updated:
  com.unity.analytics from version 2.0.16 to 3.2.2
  com.unity.package-manager-ui from version 1.9.11 to 2.0.8
  com.unity.textmeshpro from version 1.2.4 to 1.4.1

=== Tue Jun 15 17:05:47 2021

Packages were changed.
Update Mode: updateDependencies

The following packages were added:
  com.unity.2d.sprite@1.0.0
  com.unity.2d.tilemap@1.0.0
  com.unity.ide.rider@3.0.6
  com.unity.ide.visualstudio@2.0.8
  com.unity.ide.vscode@1.2.3
  com.unity.modules.androidjni@1.0.0
  com.unity.modules.nvidia@1.0.0
  com.unity.test-framework@1.1.24
  com.unity.timeline@1.6.0-pre.5
  com.unity.ugui@1.0.0
  com.unity.xr.legacyinputhelpers@2.1.7
The following packages were updated:
  com.unity.ads from version 2.0.8 to 3.7.1
  com.unity.analytics from version 3.2.2 to 3.5.3
  com.unity.collab-proxy from version 1.2.15 to 1.5.7
  com.unity.purchasing from version 2.0.3 to 3.1.0
  com.unity.textmeshpro from version 1.4.1 to 3.0.6
The following packages were removed:
  com.unity.package-manager-ui@2.0.8

=== Tue Jan 31 20:05:24 2023

Packages were changed.
Update Mode: updateDependencies

The following packages were updated:
  com.unity.ads from version 3.7.1 to 3.7.5
  com.unity.analytics from version 3.5.3 to 3.6.12
  com.unity.collab-proxy from version 1.5.7 to 1.17.7
  com.unity.ide.rider from version 3.0.6 to 3.0.16
  com.unity.ide.visualstudio from version 2.0.8 to 2.0.16
  com.unity.ide.vscode from version 1.2.3 to 1.2.5
  com.unity.purchasing from version 3.1.0 to 4.5.1
  com.unity.test-framework from version 1.1.24 to 1.1.31
  com.unity.timeline from version 1.6.0-pre.5 to 1.6.4
  com.unity.xr.legacyinputhelpers from version 2.1.7 to 2.1.10
